f:\pro\coloso\imagesearch\receiptimagesearch\intermediate\debug\receiptimagesearch.pch
f:\pro\coloso\imagesearch\receiptimagesearch\intermediate\debug\vc143.pdb
f:\pro\coloso\imagesearch\receiptimagesearch\intermediate\debug\vc143.idb
f:\pro\coloso\imagesearch\receiptimagesearch\intermediate\debug\pch.obj
f:\pro\coloso\imagesearch\receiptimagesearch\intermediate\debug\receiptimagesearch.obj
f:\pro\coloso\imagesearch\receiptimagesearch\binaries\aspose.ocr.cpp.gpu.dll
f:\pro\coloso\imagesearch\receiptimagesearch\binaries\receiptimagesearch.exe
f:\pro\coloso\imagesearch\receiptimagesearch\binaries\receiptimagesearch.pdb
f:\pro\coloso\imagesearch\receiptimagesearch\binaries\leptonica-1.85.0d.dll
f:\pro\coloso\imagesearch\receiptimagesearch\binaries\gif.dll
f:\pro\coloso\imagesearch\receiptimagesearch\binaries\jpeg62.dll
f:\pro\coloso\imagesearch\receiptimagesearch\binaries\openjp2.dll
f:\pro\coloso\imagesearch\receiptimagesearch\binaries\libpng16d.dll
f:\pro\coloso\imagesearch\receiptimagesearch\binaries\zlibd1.dll
f:\pro\coloso\imagesearch\receiptimagesearch\binaries\tiffd.dll
f:\pro\coloso\imagesearch\receiptimagesearch\binaries\liblzma.dll
f:\pro\coloso\imagesearch\receiptimagesearch\binaries\libwebpmux.dll
f:\pro\coloso\imagesearch\receiptimagesearch\binaries\libwebp.dll
f:\pro\coloso\imagesearch\receiptimagesearch\binaries\libsharpyuv.dll
f:\pro\coloso\imagesearch\receiptimagesearch\binaries\tesseract55d.dll
f:\pro\coloso\imagesearch\receiptimagesearch\binaries\archive.dll
f:\pro\coloso\imagesearch\receiptimagesearch\binaries\bz2d.dll
f:\pro\coloso\imagesearch\receiptimagesearch\binaries\libcrypto-3-x64.dll
f:\pro\coloso\imagesearch\receiptimagesearch\binaries\lz4d.dll
f:\pro\coloso\imagesearch\receiptimagesearch\binaries\zstd.dll
f:\pro\coloso\imagesearch\receiptimagesearch\binaries\libcurl-d.dll
f:\pro\coloso\imagesearch\receiptimagesearch\binaries\receiptimagesearch.lib
f:\pro\coloso\imagesearch\receiptimagesearch\binaries\receiptimagesearch.exp
f:\pro\coloso\imagesearch\receiptimagesearch\intermediate\debug\receiptimagesearch.ilk
f:\pro\coloso\imagesearch\receiptimagesearch\intermediate\debug\receiptimagesearch.vcxproj.filelistabsolute.txt
f:\pro\coloso\imagesearch\receiptimagesearch\intermediate\debug\receipti.dd124119.tlog\cl.command.1.tlog
f:\pro\coloso\imagesearch\receiptimagesearch\intermediate\debug\receipti.dd124119.tlog\cl.items.tlog
f:\pro\coloso\imagesearch\receiptimagesearch\intermediate\debug\receipti.dd124119.tlog\cl.read.1.tlog
f:\pro\coloso\imagesearch\receiptimagesearch\intermediate\debug\receipti.dd124119.tlog\cl.write.1.tlog
f:\pro\coloso\imagesearch\receiptimagesearch\intermediate\debug\receipti.dd124119.tlog\copylocal.read.1u.tlog
f:\pro\coloso\imagesearch\receiptimagesearch\intermediate\debug\receipti.dd124119.tlog\copylocal.write.1u.tlog
f:\pro\coloso\imagesearch\receiptimagesearch\intermediate\debug\receipti.dd124119.tlog\link.command.1.tlog
f:\pro\coloso\imagesearch\receiptimagesearch\intermediate\debug\receipti.dd124119.tlog\link.read.1.tlog
f:\pro\coloso\imagesearch\receiptimagesearch\intermediate\debug\receipti.dd124119.tlog\link.secondary.1.tlog
f:\pro\coloso\imagesearch\receiptimagesearch\intermediate\debug\receipti.dd124119.tlog\link.write.1.tlog
f:\pro\coloso\imagesearch\receiptimagesearch\intermediate\debug\receipti.dd124119.tlog\receiptimagesearch.write.1u.tlog
